This is pdfTeXk, Version 3.1415926-1.40.9 (Web2C 7.5.7) (format=pdflatex 2008.12.28)  25 JUL 2014 10:57
entering extended mode
 %&-line parsing enabled.
**step_one_1.tex
(./step_one_1.tex
LaTeX2e <2005/12/01>
Babel <v3.8l> and hyphenation patterns for english, usenglishmax, dumylang, noh
yphenation, german-x-2008-06-18, ngerman-x-2008-06-18, ancientgreek, ibycus, ar
abic, basque, bulgarian, catalan, pinyin, coptic, croatian, czech, danish, dutc
h, esperanto, estonian, farsi, finnish, french, galician, german, ngerman, mono
greek, greek, hungarian, icelandic, indonesian, interlingua, irish, italian, la
tin, lithuanian, mongolian, mongolian2a, bokmal, nynorsk, polish, portuguese, r
omanian, russian, sanskrit, serbian, slovak, slovenian, spanish, swedish, turki
sh, ukenglish, ukrainian, uppersorbian, welsh, loaded.
(/usr/local/texlive/2008/texmf-dist/tex/latex/base/article.cls
Document Class: article 2005/09/16 v1.4f Standard LaTeX document class
(/usr/local/texlive/2008/texmf-dist/tex/latex/base/size12.clo
File: size12.clo 2005/09/16 v1.4f Standard LaTeX file (size option)
)
\c@part=\count79
\c@section=\count80
\c@subsection=\count81
\c@subsubsection=\count82
\c@paragraph=\count83
\c@subparagraph=\count84
\c@figure=\count85
\c@table=\count86
\abovecaptionskip=\skip41
\belowcaptionskip=\skip42
\bibindent=\dimen102
)
(/Users/delamere/Tex/stylefiles/psfig.sty
\@unused=\write3
\ps@stream=\read1
\p@intvaluex=\dimen103
\p@intvaluey=\dimen104

psfig/tex 1.10-dvips
) (/usr/local/texlive/2008/texmf-dist/tex/latex/natbib/natbib.sty
Package: natbib 2009/02/02 8.3 (PWD, AO)
\bibhang=\skip43
\bibsep=\skip44
LaTeX Info: Redefining \cite on input line 694.
\c@NAT@ctr=\count87
)
(/Users/delamere/Tex/stylefiles/ptm.sty
Package: ptm 
LaTeX Font Info:    Redeclaring symbol font `letters' on input line 20.
LaTeX Font Info:    Overwriting symbol font `letters' in version `normal'
(Font)                  OML/cmm/m/it --> OML/ptmcm/m/it on input line 20.
LaTeX Font Info:    Overwriting symbol font `letters' in version `bold'
(Font)                  OML/cmm/b/it --> OML/ptmcm/m/it on input line 20.
LaTeX Font Info:    Redeclaring symbol font `symbols' on input line 21.
LaTeX Font Info:    Overwriting symbol font `symbols' in version `normal'
(Font)                  OMS/cmsy/m/n --> OMS/pzccm/m/n on input line 21.
LaTeX Font Info:    Overwriting symbol font `symbols' in version `bold'
(Font)                  OMS/cmsy/b/n --> OMS/pzccm/m/n on input line 21.
LaTeX Font Info:    Redeclaring symbol font `largesymbols' on input line 22.
LaTeX Font Info:    Overwriting symbol font `largesymbols' in version `normal'
(Font)                  OMX/cmex/m/n --> OMX/psycm/m/n on input line 22.
LaTeX Font Info:    Overwriting symbol font `largesymbols' in version `bold'
(Font)                  OMX/cmex/m/n --> OMX/psycm/m/n on input line 22.
LaTeX Font Info:    Redeclaring symbol font `operators' on input line 23.
LaTeX Font Info:    Overwriting symbol font `operators' in version `normal'
(Font)                  OT1/cmr/m/n --> OT1/ptm/m/n on input line 23.
LaTeX Font Info:    Overwriting symbol font `operators' in version `bold'
(Font)                  OT1/cmr/bx/n --> OT1/ptm/m/n on input line 23.
\symbold=\mathgroup4
\symitalic=\mathgroup5
\symoperatorsii=\mathgroup6
LaTeX Font Info:    Redeclaring math alphabet \mathbf on input line 31.
LaTeX Font Info:    Overwriting math alphabet `\mathbf' in version `normal'
(Font)                  OT1/cmr/bx/n --> OT1/ptm/bx/n on input line 31.
LaTeX Font Info:    Overwriting math alphabet `\mathbf' in version `bold'
(Font)                  OT1/cmr/bx/n --> OT1/ptm/bx/n on input line 31.
LaTeX Font Info:    Redeclaring math alphabet \mathit on input line 32.
LaTeX Font Info:    Overwriting math alphabet `\mathit' in version `normal'
(Font)                  OT1/cmr/m/it --> OT1/ptm/m/it on input line 32.
LaTeX Font Info:    Overwriting math alphabet `\mathit' in version `bold'
(Font)                  OT1/cmr/bx/it --> OT1/ptm/m/it on input line 32.
LaTeX Font Info:    Redeclaring math symbol \Gamma on input line 37.
LaTeX Font Info:    Redeclaring math symbol \Delta on input line 38.
LaTeX Font Info:    Redeclaring math symbol \Theta on input line 39.
LaTeX Font Info:    Redeclaring math symbol \Lambda on input line 40.
LaTeX Font Info:    Redeclaring math symbol \Xi on input line 41.
LaTeX Font Info:    Redeclaring math symbol \Pi on input line 42.
LaTeX Font Info:    Redeclaring math symbol \Sigma on input line 43.
LaTeX Font Info:    Redeclaring math symbol \Upsilon on input line 44.
LaTeX Font Info:    Redeclaring math symbol \Phi on input line 45.
LaTeX Font Info:    Redeclaring math symbol \Psi on input line 46.
LaTeX Font Info:    Redeclaring math symbol \Omega on input line 47.
)
(/usr/local/texlive/2008/texmf-dist/tex/latex/graphics/graphicx.sty
Package: graphicx 1999/02/16 v1.0f Enhanced LaTeX Graphics (DPC,SPQR)

(/usr/local/texlive/2008/texmf-dist/tex/latex/graphics/keyval.sty
Package: keyval 1999/03/16 v1.13 key=value parser (DPC)
\KV@toks@=\toks14
)
(/usr/local/texlive/2008/texmf-dist/tex/latex/graphics/graphics.sty
Package: graphics 2006/02/20 v1.0o Standard LaTeX Graphics (DPC,SPQR)

(/usr/local/texlive/2008/texmf-dist/tex/latex/graphics/trig.sty
Package: trig 1999/03/16 v1.09 sin cos tan (DPC)
)
(/usr/local/texlive/2008/texmf/tex/latex/config/graphics.cfg
File: graphics.cfg 2007/01/18 v1.5 graphics configuration of teTeX/TeXLive
)
Package graphics Info: Driver file: pdftex.def on input line 90.

(/usr/local/texlive/2008/texmf-dist/tex/latex/pdftex-def/pdftex.def
File: pdftex.def 2008/09/08 v0.04l Graphics/color for pdfTeX
\Gread@gobject=\count88
))
\Gin@req@height=\dimen105
\Gin@req@width=\dimen106
)
(/usr/local/texlive/2008/texmf-dist/tex/latex/wrapfig/wrapfig.sty
\wrapoverhang=\dimen107
\WF@size=\dimen108
\c@WF@wrappedlines=\count89
\WF@box=\box26
\WF@everypar=\toks15
Package: wrapfig 2003/01/31  v 3.6
)
(/usr/local/texlive/2008/texmf-dist/tex/generic/epsf/epsf.sty
This is `epsf.tex' v2.7.3 <23 July 2005>
\epsffilein=\read2
\epsfframemargin=\dimen109
\epsfframethickness=\dimen110
\epsfrsize=\dimen111
\epsftmp=\dimen112
\epsftsize=\dimen113
\epsfxsize=\dimen114
\epsfysize=\dimen115
\pspoints=\dimen116
) (/usr/local/texlive/2008/texmf-dist/tex/latex/ltxmisc/boxedminipage.sty)
(/Users/delamere/Tex/stylefiles/astjnlabbrev.sty)
(/usr/local/texlive/2008/texmf-dist/tex/latex/amsfonts/amssymb.sty
Package: amssymb 2002/01/22 v2.2d

(/usr/local/texlive/2008/texmf-dist/tex/latex/amsfonts/amsfonts.sty
Package: amsfonts 2001/10/25 v2.2f
\@emptytoks=\toks16
\symAMSa=\mathgroup7
\symAMSb=\mathgroup8
LaTeX Font Info:    Overwriting math alphabet `\mathfrak' in version `bold'
(Font)                  U/euf/m/n --> U/euf/b/n on input line 132.
))
(/usr/local/texlive/2008/texmf-dist/tex/latex/amsmath/amsmath.sty
Package: amsmath 2000/07/18 v2.13 AMS math features
\@mathmargin=\skip45

For additional information on amsmath, use the `?' option.
(/usr/local/texlive/2008/texmf-dist/tex/latex/amsmath/amstext.sty
Package: amstext 2000/06/29 v2.01

(/usr/local/texlive/2008/texmf-dist/tex/latex/amsmath/amsgen.sty
File: amsgen.sty 1999/11/30 v2.0
\@emptytoks=\toks17
\ex@=\dimen117
))
(/usr/local/texlive/2008/texmf-dist/tex/latex/amsmath/amsbsy.sty
Package: amsbsy 1999/11/29 v1.2d
\pmbraise@=\dimen118
)
(/usr/local/texlive/2008/texmf-dist/tex/latex/amsmath/amsopn.sty
Package: amsopn 1999/12/14 v2.01 operator names
)
\inf@bad=\count90
LaTeX Info: Redefining \frac on input line 211.
\uproot@=\count91
\leftroot@=\count92
LaTeX Info: Redefining \overline on input line 307.
\classnum@=\count93
\DOTSCASE@=\count94
LaTeX Info: Redefining \ldots on input line 379.
LaTeX Info: Redefining \dots on input line 382.
LaTeX Info: Redefining \cdots on input line 467.
\Mathstrutbox@=\box27
\strutbox@=\box28
\big@size=\dimen119
LaTeX Font Info:    Redeclaring font encoding OML on input line 567.
LaTeX Font Info:    Redeclaring font encoding OMS on input line 568.
\macc@depth=\count95
\c@MaxMatrixCols=\count96
\dotsspace@=\muskip10
\c@parentequation=\count97
\dspbrk@lvl=\count98
\tag@help=\toks18
\row@=\count99
\column@=\count100
\maxfields@=\count101
\andhelp@=\toks19
\eqnshift@=\dimen120
\alignsep@=\dimen121
\tagshift@=\dimen122
\tagwidth@=\dimen123
\totwidth@=\dimen124
\lineht@=\dimen125
\@envbody=\toks20
\multlinegap=\skip46
\multlinetaggap=\skip47
\mathdisplay@stack=\toks21
LaTeX Info: Redefining \[ on input line 2666.
LaTeX Info: Redefining \] on input line 2667.
)
(/usr/local/texlive/2008/texmf-dist/tex/latex/caption/caption.sty
Package: caption 2008/08/24 v3.1j Customizing captions (AR)

(/usr/local/texlive/2008/texmf-dist/tex/latex/caption/caption3.sty
Package: caption3 2008/08/24 v3.1j caption3 kernel (AR)
\captionmargin=\dimen126
\captionmargin@=\dimen127
\captionwidth=\dimen128
\caption@indent=\dimen129
\caption@parindent=\dimen130
\caption@hangindent=\dimen131
)
\c@ContinuedFloat=\count102
Package caption Info: wrapfig package is loaded.
)
(/usr/local/texlive/2008/texmf-dist/tex/latex/graphics/color.sty
Package: color 2005/11/14 v1.0j Standard LaTeX Color (DPC)

(/usr/local/texlive/2008/texmf/tex/latex/config/color.cfg
File: color.cfg 2007/01/18 v1.5 color configuration of teTeX/TeXLive
)
Package color Info: Driver file: pdftex.def on input line 130.
)

LaTeX Warning: Unused global option(s):
    [indentfirst].

No file step_one_1.aux.
\openout1 = `step_one_1.aux'.

LaTeX Font Info:    Checking defaults for OML/cmm/m/it on input line 56.
LaTeX Font Info:    ... okay on input line 56.
LaTeX Font Info:    Checking defaults for T1/cmr/m/n on input line 56.
LaTeX Font Info:    ... okay on input line 56.
LaTeX Font Info:    Checking defaults for OT1/cmr/m/n on input line 56.
LaTeX Font Info:    ... okay on input line 56.
LaTeX Font Info:    Checking defaults for OMS/cmsy/m/n on input line 56.
LaTeX Font Info:    ... okay on input line 56.
LaTeX Font Info:    Checking defaults for OMX/cmex/m/n on input line 56.
LaTeX Font Info:    ... okay on input line 56.
LaTeX Font Info:    Checking defaults for U/cmr/m/n on input line 56.
LaTeX Font Info:    ... okay on input line 56.
LaTeX Font Info:    Try loading font information for OT1+ptm on input line 56.
(/usr/local/texlive/2008/texmf-dist/tex/latex/psnfss/ot1ptm.fd
File: ot1ptm.fd 2001/06/04 font definitions for OT1/ptm.
)
(/usr/local/texlive/2008/texmf-dist/tex/context/base/supp-pdf.tex
[Loading MPS to PDF converter (version 2006.09.02).]
\scratchcounter=\count103
\scratchdimen=\dimen132
\scratchbox=\box29
\nofMPsegments=\count104
\nofMParguments=\count105
\everyMPshowfont=\toks22
\MPscratchCnt=\count106
\MPscratchDim=\dimen133
\MPnumerator=\count107
\everyMPtoPDFconversion=\toks23
)
Package caption Info: Begin \AtBeginDocument code.
Package caption Info: End \AtBeginDocument code.
LaTeX Font Info:    Font shape `OT1/ptm/bx/n' in size <14.4> not available
(Font)              Font shape `OT1/ptm/b/n' tried instead on input line 103.
 [0

{/usr/local/texlive/2008/texmf-var/fonts/map/pdftex/updmap/pdftex.map}]
LaTeX Font Info:    Try loading font information for OML+ptmcm on input line 13
2.

(/usr/local/texlive/2008/texmf-dist/tex/latex/psnfss/omlptmcm.fd
File: omlptmcm.fd 2000/01/03 Fontinst v1.801 font definitions for OML/ptmcm.
)
LaTeX Font Info:    Try loading font information for OMS+pzccm on input line 13
2.

(/usr/local/texlive/2008/texmf-dist/tex/latex/psnfss/omspzccm.fd
File: omspzccm.fd 2000/01/03 Fontinst v1.801 font definitions for OMS/pzccm.
)
LaTeX Font Info:    Try loading font information for OMX+psycm on input line 13
2.

(/usr/local/texlive/2008/texmf-dist/tex/latex/psnfss/omxpsycm.fd
File: omxpsycm.fd 2000/01/03 Fontinst v1.801 font definitions for OMX/psycm.
)
LaTeX Font Info:    Font shape `OT1/ptm/bx/n' in size <12> not available
(Font)              Font shape `OT1/ptm/b/n' tried instead on input line 132.
LaTeX Font Info:    Font shape `OT1/ptm/bx/n' in size <9> not available
(Font)              Font shape `OT1/ptm/b/n' tried instead on input line 132.
LaTeX Font Info:    Font shape `OT1/ptm/bx/n' in size <7> not available
(Font)              Font shape `OT1/ptm/b/n' tried instead on input line 132.
LaTeX Font Info:    Try loading font information for OT1+ptmcm on input line 13
2.

(/usr/local/texlive/2008/texmf-dist/tex/latex/psnfss/ot1ptmcm.fd
File: ot1ptmcm.fd 2000/01/03 Fontinst v1.801 font definitions for OT1/ptmcm.
)
LaTeX Font Info:    Try loading font information for U+msa on input line 132.

(/usr/local/texlive/2008/texmf-dist/tex/latex/amsfonts/umsa.fd
File: umsa.fd 2002/01/19 v2.2g AMS font definitions
)
LaTeX Font Info:    Try loading font information for U+msb on input line 132.

(/usr/local/texlive/2008/texmf-dist/tex/latex/amsfonts/umsb.fd
File: umsb.fd 2002/01/19 v2.2g AMS font definitions
)
LaTeX Font Info:    Font shape `OT1/ptm/bx/it' in size <12> not available
(Font)              Font shape `OT1/ptm/b/it' tried instead on input line 157.
 [1]
(./step_one_1.aux) ) 
Here is how much of TeX's memory you used:
 3582 strings out of 493876
 48699 string characters out of 1150567
 119880 words of memory out of 3000000
 6812 multiletter control sequences out of 10000+50000
 23581 words of font info for 54 fonts, out of 3000000 for 5000
 716 hyphenation exceptions out of 8191
 36i,5n,38p,230b,118s stack positions out of 5000i,500n,10000p,200000b,50000s
{/usr/local/texlive/2008/texmf-dist/fonts/enc/dvips/base/8r
.enc}</usr/local/texlive/2008/texmf-dist/fonts/type1/bluesky/cm/cmsy10.pfb></us
r/local/texlive/2008/texmf-dist/fonts/type1/urw/symbol/usyr.pfb></usr/local/tex
live/2008/texmf-dist/fonts/type1/urw/times/utmb8a.pfb></usr/local/texlive/2008/
texmf-dist/fonts/type1/urw/times/utmbi8a.pfb></usr/local/texlive/2008/texmf-dis
t/fonts/type1/urw/times/utmr8a.pfb></usr/local/texlive/2008/texmf-dist/fonts/ty
pe1/urw/times/utmri8a.pfb>
Output written on step_one_1.pdf (2 pages, 63822 bytes).
PDF statistics:
 34 PDF objects out of 1000 (max. 8388607)
 0 named destinations out of 1000 (max. 131072)
 1 words of extra memory for PDF output out of 10000 (max. 10000000)

